{"/home/favydabs/Documents/alx-react/0x02-react_props/task_1/dashboard/src/utils/utils.js": {"path":"/home/favydabs/Documents/alx-react/0x02-react_props/task_1/dashboard/src/utils/utils.js","statementMap":{"0":{"start":{"line":3,"column":2},"end":{"line":3,"column":34}},"1":{"start":{"line":7,"column":2},"end":{"line":7,"column":74}},"2":{"start":{"line":10,"column":2},"end":{"line":10,"column":48}}},"fnMap":{"0":{"name":"getFullYear","decl":{"start":{"line":2,"column":17},"end":{"line":2,"column":28}},"loc":{"start":{"line":2,"column":31},"end":{"line":4,"column":1}},"line":2},"1":{"name":"getFooterCopy","decl":{"start":{"line":6,"column":17},"end":{"line":6,"column":30}},"loc":{"start":{"line":6,"column":40},"end":{"line":8,"column":1}},"line":6},"2":{"name":"getLatestNotification","decl":{"start":{"line":9,"column":16},"end":{"line":9,"column":37}},"loc":{"start":{"line":9,"column":40},"end":{"line":11,"column":1}},"line":9}},"branchMap":{"0":{"loc":{"start":{"line":7,"column":9},"end":{"line":7,"column":73}},"type":"cond-expr","locations":[{"start":{"line":7,"column":19},"end":{"line":7,"column":37}},{"start":{"line":7,"column":40},"end":{"line":7,"column":73}}],"line":7}},"s":{"0":1,"1":2,"2":1},"f":{"0":1,"1":2,"2":1},"b":{"0":[1,1]},"_coverageSchema":"1a1c01bbd47fc00a2c39e90264f33305004495a9","hash":"8cbcc055468c7ac4df190bb887bfb0c4ca9b31b3"}
}
