<?xml version="1.0" encoding="UTF-8"?>
<coverage generated="1705404864497" clover="3.2.0">
  <project timestamp="1705404864498" name="All files">
    <metrics statements="3" coveredstatements="3" conditionals="2" coveredconditionals="2" methods="3" coveredmethods="3" elements="8" coveredelements="8" complexity="0" loc="3" ncloc="3" packages="1" files="1" classes="1"/>
    <file name="utils.js" path="/home/favydabs/Documents/alx-react/0x02-react_props/task_1/dashboard/src/utils/utils.js">
      <metrics statements="3" coveredstatements="3" conditionals="2" coveredconditionals="2" methods="3" coveredmethods="3"/>
      <line num="3" count="1" type="stmt"/>
      <line num="7" count="2" type="cond" truecount="2" falsecount="0"/>
      <line num="10" count="1" type="stmt"/>
    </file>
  </project>
</coverage>
